[web.archive.org/web/20021010005436/http_/www.spirithalloween.com/index.html]
[archive.org/includes/analytics2a5b.js]
[web.archive.org/_static/js/bundle-playbackdb7a.js]
[web.archive.org/_static/js/wombat9b8c.js]
[web.archive.org/_static/js/ruffle.js]
[web.archive.org/_static/css/banner-styles52e6.css]
[backblue.gif]
[fade.gif]
[index.html]
[web.archive.org/_static/css/iconochive8307.css]
[web.archive.org/_static/images/toolbar/wayback-toolbar-logo-200.png]
[web.archive.org/_static/images/toolbar/wm_tb_prv_on.png]
[web.archive.org/_static/images/toolbar/wm_tb_nxt_on.png]
[web.archive.org/_static/images/loading.gif]
[web.archive.org/web/20021010102416cs_/http_/www.spirithalloween.com/spirit.css]
[web.archive.org/web/20040603155724im_/http_/spirithalloween.com/images/hs_back.jpg]
[web.archive.org/web/20020922235816im_/http_/spirithalloween.com/images/sp_header.jpg]
[web.archive.org/web/20020913175719im_/http_/spirithalloween.com/images/rhistory.gif]
[web.archive.org/web/20020913180413im_/http_/spirithalloween.com/images/rlocations.gif]
[web.archive.org/web/20020913182342im_/http_/spirithalloween.com/images/rshopping.gif]
[web.archive.org/web/20020913174600im_/http_/spirithalloween.com/images/rfunstuff.gif]
[web.archive.org/web/20020913173815im_/http_/spirithalloween.com/images/remployment.gif]
[web.archive.org/web/20021129185527im_/http_/spirithalloween.com/images/rprivacy.gif]
[web.archive.org/web/20021015062625im_/http_/spirithalloween.com/halloween/image3.gif]
[web.archive.org/web/20021015043816im_/http_/spirithalloween.com/costumes/image3.gif]
[web.archive.org/web/20021015053119im_/http_/spirithalloween.com/decorations/image3.gif]
[web.archive.org/web/20021015131733im_/http_/spirithalloween.com/masks/image3.gif]
[web.archive.org/web/20021015140900im_/http_/spirithalloween.com/wigs/image3.gif]
[web.archive.org/web/20021015121821im_/http_/spirithalloween.com/images/sohhom_1.gif]
[web.archive.org/web/20020923042028im_/http_/spirithalloween.com/images/str_frnt.jpg]
[web.archive.org/web/20110723022612im_/http_/www.spirithalloween.com/shared/ulcorner.gif]
[web.archive.org/web/20020913182957im_/http_/spirithalloween.com/images/shop_head.gif]
[web.archive.org/web/20020913191619im_/http_/spirithalloween.com/shared/urcorner.gif]
[web.archive.org/web/20110723022612im_/http_/www.spirithalloween.com/shared/spacer.gif]
[web.archive.org/web/20021129194349im_/http_/spirithalloween.com/images/shop_subhead.gif]
[web.archive.org/web/20020913173004im_/http_/spirithalloween.com/images/pumpkin.gif]
[web.archive.org/web/20020913172646im_/http_/spirithalloween.com/images/mens_but.gif]
[web.archive.org/web/20020913184902im_/http_/spirithalloween.com/images/women_but.gif]
[web.archive.org/web/20020913171654im_/http_/spirithalloween.com/images/masks_but.gif]
[web.archive.org/web/20020913170845im_/http_/spirithalloween.com/images/decor_but.gif]
[web.archive.org/web/20020913170015im_/http_/spirithalloween.com/images/checkit.gif]
[web.archive.org/web/20020913190413im_/http_/spirithalloween.com/shared/orange.gif]
[web.archive.org/web/20020919014241im_/http_/216.52.152.130/sg_assets/images/product/small/00660258.s.jpg]
[web.archive.org/web/20020913185417im_/http_/spirithalloween.com/shared/llcorner.gif]
[web.archive.org/web/20020913185751im_/http_/spirithalloween.com/shared/lrcorner.gif]
[web.archive.org/web/20021015073250im_/http_/spirithalloween.com/images/fun_head.gif]
[web.archive.org/web/20021129192240im_/http_/spirithalloween.com/images/safe_but.gif]
[web.archive.org/web/20021129191703im_/http_/spirithalloween.com/images/safe_adult_but.gif]
[web.archive.org/web/20021015091348im_/http_/spirithalloween.com/images/recipe_but.gif]
[web.archive.org/web/20021015081701im_/http_/spirithalloween.com/images/ghost.gif]
[web.archive.org/web/20020923022029im_/http_/spirithalloween.com/images/spacer.gif]
[web.archive.org/web/20020922111718im_/http_/spirithalloween.com/images/grv_bot.gif]
[web.archive.org/web/20020923062319im_/http_/spirithalloween.com/images/white_line.gif]
[web.archive.org/web/20021010005436/http_/www.spirithalloween.com/index.html]
[analytics.archive.org/0.gif]
[archive.org/includes/analytics2a5b.js]
[web.archive.org/_static/css/banner-styles52e6.css]
[web.archive.org/_static/css/iconochive8307.css]
[web.archive.org/web/20021010102416cs_/http_/www.spirithalloween.com/spirit.css]
[web.archive.org/web/20021203025926js_/http_/spirithalloween.com/GeneratedItems/CSScriptLib.js]
[web.archive.org/web/20110723022612im_/http_/www.spirithalloween.com/shared/ulcorner.html]
[web.archive.org/web/20110723022612im_/http_/www.spirithalloween.com/shared/spacer.html]
[web.archive.org/_static/css/record.css]
[web.archive.org/_static/css/record.css]
[web.archive.org/web/20021010005436/http_/www.spirithalloween.com/Mozilla/index.html]
[web.archive.org/web/20021010005436/http_/www.spirithalloween.com/Mozilla/index.html]
